[0.857s] Invoking command in '/home/cuckylinux/ros2_ws/src/kutta_rl_controller': CONDA_PROMPT_MODIFIER=(base) DEBUGINFOD_URLS=https://debuginfod.archlinux.org PYTHONPATH=/home/cuckylinux/ros2_ws/build/kutta_rl_controller/prefix_override:/usr/lib/python3/dist-packages/colcon_core/task/python/colcon_distutils_commands:/home/cuckylinux/ros2_ws/install/kutta_rl_controller/lib/python3.10/site-packages:${PYTHONPATH} /usr/bin/python3 -W ignore:setup.py install is deprecated -W ignore:easy_install command is deprecated setup.py egg_info --egg-base ../../build/kutta_rl_controller build --build-base /home/cuckylinux/ros2_ws/build/kutta_rl_controller/build install --record /home/cuckylinux/ros2_ws/build/kutta_rl_controller/install.log --single-version-externally-managed install_data
[1.100s] running egg_info
[1.101s] creating ../../build/kutta_rl_controller/kutta_rl_controller.egg-info
[1.101s] writing ../../build/kutta_rl_controller/kutta_rl_controller.egg-info/PKG-INFO
[1.101s] writing dependency_links to ../../build/kutta_rl_controller/kutta_rl_controller.egg-info/dependency_links.txt
[1.101s] writing entry points to ../../build/kutta_rl_controller/kutta_rl_controller.egg-info/entry_points.txt
[1.101s] writing requirements to ../../build/kutta_rl_controller/kutta_rl_controller.egg-info/requires.txt
[1.101s] writing top-level names to ../../build/kutta_rl_controller/kutta_rl_controller.egg-info/top_level.txt
[1.101s] writing manifest file '../../build/kutta_rl_controller/kutta_rl_controller.egg-info/SOURCES.txt'
[1.103s] reading manifest file '../../build/kutta_rl_controller/kutta_rl_controller.egg-info/SOURCES.txt'
[1.103s] writing manifest file '../../build/kutta_rl_controller/kutta_rl_controller.egg-info/SOURCES.txt'
[1.103s] running build
[1.104s] running build_py
[1.104s] creating /home/cuckylinux/ros2_ws/build/kutta_rl_controller/build
[1.104s] creating /home/cuckylinux/ros2_ws/build/kutta_rl_controller/build/lib
[1.104s] creating /home/cuckylinux/ros2_ws/build/kutta_rl_controller/build/lib/kutta_rl_controller
[1.104s] copying kutta_rl_controller/rl_controller_node.py -> /home/cuckylinux/ros2_ws/build/kutta_rl_controller/build/lib/kutta_rl_controller
[1.104s] copying kutta_rl_controller/__init__.py -> /home/cuckylinux/ros2_ws/build/kutta_rl_controller/build/lib/kutta_rl_controller
[1.104s] running install
[1.105s] running install_lib
[1.105s] creating /home/cuckylinux/ros2_ws/install/kutta_rl_controller/lib/python3.10/site-packages/kutta_rl_controller
[1.105s] copying /home/cuckylinux/ros2_ws/build/kutta_rl_controller/build/lib/kutta_rl_controller/rl_controller_node.py -> /home/cuckylinux/ros2_ws/install/kutta_rl_controller/lib/python3.10/site-packages/kutta_rl_controller
[1.105s] copying /home/cuckylinux/ros2_ws/build/kutta_rl_controller/build/lib/kutta_rl_controller/__init__.py -> /home/cuckylinux/ros2_ws/install/kutta_rl_controller/lib/python3.10/site-packages/kutta_rl_controller
[1.105s] byte-compiling /home/cuckylinux/ros2_ws/install/kutta_rl_controller/lib/python3.10/site-packages/kutta_rl_controller/rl_controller_node.py to rl_controller_node.cpython-310.pyc
[1.107s] byte-compiling /home/cuckylinux/ros2_ws/install/kutta_rl_controller/lib/python3.10/site-packages/kutta_rl_controller/__init__.py to __init__.cpython-310.pyc
[1.107s] running install_data
[1.107s] creating /home/cuckylinux/ros2_ws/install/kutta_rl_controller/share/ament_index
[1.107s] creating /home/cuckylinux/ros2_ws/install/kutta_rl_controller/share/ament_index/resource_index
[1.107s] creating /home/cuckylinux/ros2_ws/install/kutta_rl_controller/share/ament_index/resource_index/packages
[1.107s] copying resource/kutta_rl_controller -> /home/cuckylinux/ros2_ws/install/kutta_rl_controller/share/ament_index/resource_index/packages
[1.107s] copying package.xml -> /home/cuckylinux/ros2_ws/install/kutta_rl_controller/share/kutta_rl_controller
[1.108s] creating /home/cuckylinux/ros2_ws/install/kutta_rl_controller/share/kutta_rl_controller/launch
[1.108s] copying launch/controller.launch.py -> /home/cuckylinux/ros2_ws/install/kutta_rl_controller/share/kutta_rl_controller/launch
[1.108s] running install_egg_info
[1.109s] Copying ../../build/kutta_rl_controller/kutta_rl_controller.egg-info to /home/cuckylinux/ros2_ws/install/kutta_rl_controller/lib/python3.10/site-packages/kutta_rl_controller-0.1.0-py3.10.egg-info
[1.110s] running install_scripts
[1.129s] Installing rl_controller script to /home/cuckylinux/ros2_ws/install/kutta_rl_controller/lib/kutta_rl_controller
[1.129s] writing list of installed files to '/home/cuckylinux/ros2_ws/build/kutta_rl_controller/install.log'
[1.156s] Invoked command in '/home/cuckylinux/ros2_ws/src/kutta_rl_controller' returned '0': CONDA_PROMPT_MODIFIER=(base) DEBUGINFOD_URLS=https://debuginfod.archlinux.org PYTHONPATH=/home/cuckylinux/ros2_ws/build/kutta_rl_controller/prefix_override:/usr/lib/python3/dist-packages/colcon_core/task/python/colcon_distutils_commands:/home/cuckylinux/ros2_ws/install/kutta_rl_controller/lib/python3.10/site-packages:${PYTHONPATH} /usr/bin/python3 -W ignore:setup.py install is deprecated -W ignore:easy_install command is deprecated setup.py egg_info --egg-base ../../build/kutta_rl_controller build --build-base /home/cuckylinux/ros2_ws/build/kutta_rl_controller/build install --record /home/cuckylinux/ros2_ws/build/kutta_rl_controller/install.log --single-version-externally-managed install_data
