[0.000000] (-) TimerEvent: {}
[0.000740] (kutta_rl_controller) JobQueued: {'identifier': 'kutta_rl_controller', 'dependencies': OrderedDict()}
[0.000776] (kutta_sim) JobQueued: {'identifier': 'kutta_sim', 'dependencies': OrderedDict()}
[0.000807] (kutta_rl_controller) JobStarted: {'identifier': 'kutta_rl_controller'}
[0.010080] (kutta_sim) JobStarted: {'identifier': 'kutta_sim'}
[0.099721] (-) TimerEvent: {}
[0.199986] (-) TimerEvent: {}
[0.300191] (-) TimerEvent: {}
[0.400421] (-) TimerEvent: {}
[0.500703] (-) TimerEvent: {}
[0.600960] (-) TimerEvent: {}
[0.701237] (-) TimerEvent: {}
[0.801506] (-) TimerEvent: {}
[0.872130] (kutta_sim) Command: {'cmd': ['/usr/bin/python3', '-W', 'ignore:setup.py install is deprecated', '-W', 'ignore:easy_install command is deprecated', 'setup.py', 'egg_info', '--egg-base', '../../build/kutta_sim', 'build', '--build-base', '/home/cuckylinux/ros2_ws/build/kutta_sim/build', 'install', '--record', '/home/cuckylinux/ros2_ws/build/kutta_sim/install.log', '--single-version-externally-managed', 'install_data'], 'cwd': '/home/cuckylinux/ros2_ws/src/kutta_sim', 'env': {'CONDA_PROMPT_MODIFIER': '(base)', 'MAIL': '/var/spool/mail/cuckylinux', 'HYPRLAND_CMD': 'Hyprland --watchdog-fd 4', 'USER': 'cuckylinux', 'HYPRLAND_INSTANCE_SIGNATURE': '59f9f2688ac508a0584d1462151195a6c4992f99_1775138151_778164276', 'STARSHIP_SHELL': 'fish', 'HOSTNAME': 'Cucky', 'ILLOGICAL_IMPULSE_VIRTUAL_ENV': '~/.local/state/quickshell/.venv', 'XDG_SESSION_TYPE': 'wayland', 'XDG_CACHE_HOME': '/home/cuckylinux/.cache', 'SHLVL': '6', 'LD_LIBRARY_PATH': '/opt/ros/humble/opt/rviz_ogre_vendor/lib:/opt/ros/humble/lib/x86_64-linux-gnu::/opt/ros/humble/lib:/opt/ros/humble/lib:/opt/ros/humble/lib:/opt/ros/humble/lib', 'MOTD_SHOWN': 'pam', 'HOME': '/home/cuckylinux', 'TERMINFO': '/usr/lib/kitty/terminfo', 'CONDA_SHLVL': '1', 'MOZ_ENABLE_WAYLAND': '1', 'OLDPWD': '/home/cuckylinux', 'KITTY_INSTALLATION_DIR': '/usr/lib/kitty', 'PYENV_SHELL': 'bash', 'ROS_PYTHON_VERSION': '3', 'PS1': '📦[\\u@ros2-humble \\W]$', 'KITTY_PID': '1992', 'DISTROBOX_ENTER_PATH': '/usr/bin/distrobox-enter', 'XDG_STATE_HOME': '/home/cuckylinux/.local/state', 'DBUS_SESSION_BUS_ADDRESS': 'unix:path=/run/user/1000/bus', 'COLORTERM': 'truecolor', 'container': 'podman', 'NVM_DIR': '/home/cuckylinux/.nvm', 'DEBUGINFOD_URLS': 'https://debuginfod.archlinux.org', 'QT_QPA_PLATFORMTHEME': 'kde', 'WAYLAND_DISPLAY': 'wayland-1', 'ROS_DISTRO': 'humble', 'LOGNAME': 'cuckylinux', 'ONSHAPE_SECRET_KEY': 'xwr1MwZ7XqrU8B5qoTs6Wc8ZvpJLJkUsSmjuJfWDYk0mYlAE', '_': '/usr/bin/colcon', 'ROS_VERSION': '2', 'XDG_SESSION_CLASS': 'user', 'TERMINFO_DIRS': '/usr/share/terminfo:/run/host/usr/share/terminfo', 'TERM': 'xterm-kitty', 'XDG_SESSION_ID': '1', 'ROS_LOCALHOST_ONLY': '0', 'PATH': '/home/cuckylinux/.local/bin:/opt/ros/humble/bin:/home/cuckylinux/.local/bin:/home/cuckylinux/.pyenv/bin:/home/cuckylinux/miniconda3/bin:/home/cuckylinux/miniconda3/condabin:/home/cuckylinux/.local/bin:/home/cuckylinux/.cargo/bin:/home/cuckylinux/.local/bin:/home/cuckylinux/.pyenv/shims:/home/cuckylinux/.pyenv/bin:/usr/local/sbin:/usr/local/bin:/usr/bin:/var/lib/flatpak/exports/bin:/usr/lib/jvm/default/bin:/usr/bin/site_perl:/usr/bin/vendor_perl:/usr/bin/core_perl:/usr/local/sbin:/usr/local/bin:/usr/sbin:/usr/bin:/sbin:/bin:/usr/sbin:/sbin:/bin', 'XDG_MENU_PREFIX': 'plasma-', 'XDG_RUNTIME_DIR': '/run/user/1000', 'DISPLAY': ':0', 'LANG': 'en_US.UTF-8', 'XDG_CURRENT_DESKTOP': 'Hyprland', 'XDG_DATA_HOME': '/home/cuckylinux/.local/share', 'XDG_CONFIG_HOME': '/home/cuckylinux/.config', 'AMENT_PREFIX_PATH': '/opt/ros/humble', 'CONDA_PYTHON_EXE': '/home/cuckylinux/miniconda3/bin/python', 'SHELL': '/usr/bin/bash', 'IGN_GAZEBO_SYSTEM_PLUGIN_PATH': '/opt/ros/humble/lib', 'KITTY_WINDOW_ID': '6', 'CONDA_DEFAULT_ENV': 'base', 'ELECTRON_OZONE_PLATFORM_HINT': 'auto', 'PWD': '/home/cuckylinux/ros2_ws/build/kutta_sim', 'CONTAINER_ID': 'ros2-humble', 'QT_QPA_PLATFORM': 'wayland;xcb', 'LC_ALL': 'C.UTF-8', 'XDG_CONFIG_DIRS': '/etc/xdg', 'ONSHAPE_ACCESS_KEY': 'on_c5vQMgacEuRjKkI1PaKZ9', 'CONDA_EXE': '/home/cuckylinux/miniconda3/bin/conda', 'XDG_BACKEND': 'wayland', 'NVM_CD_FLAGS': '', 'PYENV_ROOT': '/home/cuckylinux/.pyenv', 'XDG_DATA_DIRS': '/home/cuckylinux/.local/share/flatpak/exports/share:/var/lib/flatpak/exports/share:/usr/local/share:/usr/share', 'STARSHIP_SESSION_KEY': '7106301571057274', 'PYTHONPATH': '/home/cuckylinux/ros2_ws/build/kutta_sim/prefix_override:/usr/lib/python3/dist-packages/colcon_core/task/python/colcon_distutils_commands:/home/cuckylinux/ros2_ws/install/kutta_sim/lib/python3.10/site-packages:/opt/ros/humble/lib/python3.10/site-packages:/opt/ros/humble/local/lib/python3.10/dist-packages', 'CONDA_PREFIX': '/home/cuckylinux/miniconda3', 'ONSHAPE_API': 'https://cad.onshape.com', 'COLCON': '1', 'TERMINAL': 'kitty -1', 'NVM_RC_VERSION': ''}, 'shell': False}
[0.879460] (kutta_rl_controller) Command: {'cmd': ['/usr/bin/python3', '-W', 'ignore:setup.py install is deprecated', '-W', 'ignore:easy_install command is deprecated', 'setup.py', 'egg_info', '--egg-base', '../../build/kutta_rl_controller', 'build', '--build-base', '/home/cuckylinux/ros2_ws/build/kutta_rl_controller/build', 'install', '--record', '/home/cuckylinux/ros2_ws/build/kutta_rl_controller/install.log', '--single-version-externally-managed', 'install_data'], 'cwd': '/home/cuckylinux/ros2_ws/src/kutta_rl_controller', 'env': {'CONDA_PROMPT_MODIFIER': '(base)', 'MAIL': '/var/spool/mail/cuckylinux', 'HYPRLAND_CMD': 'Hyprland --watchdog-fd 4', 'USER': 'cuckylinux', 'HYPRLAND_INSTANCE_SIGNATURE': '59f9f2688ac508a0584d1462151195a6c4992f99_1775138151_778164276', 'STARSHIP_SHELL': 'fish', 'HOSTNAME': 'Cucky', 'ILLOGICAL_IMPULSE_VIRTUAL_ENV': '~/.local/state/quickshell/.venv', 'XDG_SESSION_TYPE': 'wayland', 'XDG_CACHE_HOME': '/home/cuckylinux/.cache', 'SHLVL': '6', 'LD_LIBRARY_PATH': '/opt/ros/humble/opt/rviz_ogre_vendor/lib:/opt/ros/humble/lib/x86_64-linux-gnu::/opt/ros/humble/lib:/opt/ros/humble/lib:/opt/ros/humble/lib:/opt/ros/humble/lib', 'MOTD_SHOWN': 'pam', 'HOME': '/home/cuckylinux', 'TERMINFO': '/usr/lib/kitty/terminfo', 'CONDA_SHLVL': '1', 'MOZ_ENABLE_WAYLAND': '1', 'OLDPWD': '/home/cuckylinux', 'KITTY_INSTALLATION_DIR': '/usr/lib/kitty', 'PYENV_SHELL': 'bash', 'ROS_PYTHON_VERSION': '3', 'PS1': '📦[\\u@ros2-humble \\W]$', 'KITTY_PID': '1992', 'DISTROBOX_ENTER_PATH': '/usr/bin/distrobox-enter', 'XDG_STATE_HOME': '/home/cuckylinux/.local/state', 'DBUS_SESSION_BUS_ADDRESS': 'unix:path=/run/user/1000/bus', 'COLORTERM': 'truecolor', 'container': 'podman', 'NVM_DIR': '/home/cuckylinux/.nvm', 'DEBUGINFOD_URLS': 'https://debuginfod.archlinux.org', 'QT_QPA_PLATFORMTHEME': 'kde', 'WAYLAND_DISPLAY': 'wayland-1', 'ROS_DISTRO': 'humble', 'LOGNAME': 'cuckylinux', 'ONSHAPE_SECRET_KEY': 'xwr1MwZ7XqrU8B5qoTs6Wc8ZvpJLJkUsSmjuJfWDYk0mYlAE', '_': '/usr/bin/colcon', 'ROS_VERSION': '2', 'XDG_SESSION_CLASS': 'user', 'TERMINFO_DIRS': '/usr/share/terminfo:/run/host/usr/share/terminfo', 'TERM': 'xterm-kitty', 'XDG_SESSION_ID': '1', 'ROS_LOCALHOST_ONLY': '0', 'PATH': '/home/cuckylinux/.local/bin:/opt/ros/humble/bin:/home/cuckylinux/.local/bin:/home/cuckylinux/.pyenv/bin:/home/cuckylinux/miniconda3/bin:/home/cuckylinux/miniconda3/condabin:/home/cuckylinux/.local/bin:/home/cuckylinux/.cargo/bin:/home/cuckylinux/.local/bin:/home/cuckylinux/.pyenv/shims:/home/cuckylinux/.pyenv/bin:/usr/local/sbin:/usr/local/bin:/usr/bin:/var/lib/flatpak/exports/bin:/usr/lib/jvm/default/bin:/usr/bin/site_perl:/usr/bin/vendor_perl:/usr/bin/core_perl:/usr/local/sbin:/usr/local/bin:/usr/sbin:/usr/bin:/sbin:/bin:/usr/sbin:/sbin:/bin', 'XDG_MENU_PREFIX': 'plasma-', 'XDG_RUNTIME_DIR': '/run/user/1000', 'DISPLAY': ':0', 'LANG': 'en_US.UTF-8', 'XDG_CURRENT_DESKTOP': 'Hyprland', 'XDG_DATA_HOME': '/home/cuckylinux/.local/share', 'XDG_CONFIG_HOME': '/home/cuckylinux/.config', 'AMENT_PREFIX_PATH': '/opt/ros/humble', 'CONDA_PYTHON_EXE': '/home/cuckylinux/miniconda3/bin/python', 'SHELL': '/usr/bin/bash', 'IGN_GAZEBO_SYSTEM_PLUGIN_PATH': '/opt/ros/humble/lib', 'KITTY_WINDOW_ID': '6', 'CONDA_DEFAULT_ENV': 'base', 'ELECTRON_OZONE_PLATFORM_HINT': 'auto', 'PWD': '/home/cuckylinux/ros2_ws/build/kutta_rl_controller', 'CONTAINER_ID': 'ros2-humble', 'QT_QPA_PLATFORM': 'wayland;xcb', 'LC_ALL': 'C.UTF-8', 'XDG_CONFIG_DIRS': '/etc/xdg', 'ONSHAPE_ACCESS_KEY': 'on_c5vQMgacEuRjKkI1PaKZ9', 'CONDA_EXE': '/home/cuckylinux/miniconda3/bin/conda', 'XDG_BACKEND': 'wayland', 'NVM_CD_FLAGS': '', 'PYENV_ROOT': '/home/cuckylinux/.pyenv', 'XDG_DATA_DIRS': '/home/cuckylinux/.local/share/flatpak/exports/share:/var/lib/flatpak/exports/share:/usr/local/share:/usr/share', 'STARSHIP_SESSION_KEY': '7106301571057274', 'PYTHONPATH': '/home/cuckylinux/ros2_ws/build/kutta_rl_controller/prefix_override:/usr/lib/python3/dist-packages/colcon_core/task/python/colcon_distutils_commands:/home/cuckylinux/ros2_ws/install/kutta_rl_controller/lib/python3.10/site-packages:/opt/ros/humble/lib/python3.10/site-packages:/opt/ros/humble/local/lib/python3.10/dist-packages', 'CONDA_PREFIX': '/home/cuckylinux/miniconda3', 'ONSHAPE_API': 'https://cad.onshape.com', 'COLCON': '1', 'TERMINAL': 'kitty -1', 'NVM_RC_VERSION': ''}, 'shell': False}
[0.901603] (-) TimerEvent: {}
[1.001854] (-) TimerEvent: {}
[1.102125] (-) TimerEvent: {}
[1.116809] (kutta_rl_controller) StdoutLine: {'line': b'running egg_info\n'}
[1.117326] (kutta_rl_controller) StdoutLine: {'line': b'writing ../../build/kutta_rl_controller/kutta_rl_controller.egg-info/PKG-INFO\n'}
[1.117525] (kutta_rl_controller) StdoutLine: {'line': b'writing dependency_links to ../../build/kutta_rl_controller/kutta_rl_controller.egg-info/dependency_links.txt\n'}
[1.117669] (kutta_rl_controller) StdoutLine: {'line': b'writing entry points to ../../build/kutta_rl_controller/kutta_rl_controller.egg-info/entry_points.txt\n'}
[1.117812] (kutta_rl_controller) StdoutLine: {'line': b'writing requirements to ../../build/kutta_rl_controller/kutta_rl_controller.egg-info/requires.txt\n'}
[1.117894] (kutta_rl_controller) StdoutLine: {'line': b'writing top-level names to ../../build/kutta_rl_controller/kutta_rl_controller.egg-info/top_level.txt\n'}
[1.119138] (kutta_rl_controller) StdoutLine: {'line': b"reading manifest file '../../build/kutta_rl_controller/kutta_rl_controller.egg-info/SOURCES.txt'\n"}
[1.119721] (kutta_rl_controller) StdoutLine: {'line': b"writing manifest file '../../build/kutta_rl_controller/kutta_rl_controller.egg-info/SOURCES.txt'\n"}
[1.119856] (kutta_rl_controller) StdoutLine: {'line': b'running build\n'}
[1.119918] (kutta_rl_controller) StdoutLine: {'line': b'running build_py\n'}
[1.120107] (kutta_rl_controller) StdoutLine: {'line': b'running install\n'}
[1.120339] (kutta_rl_controller) StdoutLine: {'line': b'running install_lib\n'}
[1.121382] (kutta_rl_controller) StdoutLine: {'line': b'running install_data\n'}
[1.121478] (kutta_rl_controller) StdoutLine: {'line': b'running install_egg_info\n'}
[1.123067] (kutta_rl_controller) StdoutLine: {'line': b"removing '/home/cuckylinux/ros2_ws/install/kutta_rl_controller/lib/python3.10/site-packages/kutta_rl_controller-0.1.0-py3.10.egg-info' (and everything under it)\n"}
[1.123355] (kutta_rl_controller) StdoutLine: {'line': b'Copying ../../build/kutta_rl_controller/kutta_rl_controller.egg-info to /home/cuckylinux/ros2_ws/install/kutta_rl_controller/lib/python3.10/site-packages/kutta_rl_controller-0.1.0-py3.10.egg-info\n'}
[1.124068] (kutta_rl_controller) StdoutLine: {'line': b'running install_scripts\n'}
[1.127937] (kutta_sim) StdoutLine: {'line': b'running egg_info\n'}
[1.128450] (kutta_sim) StdoutLine: {'line': b'writing ../../build/kutta_sim/kutta_sim.egg-info/PKG-INFO\n'}
[1.128631] (kutta_sim) StdoutLine: {'line': b'writing dependency_links to ../../build/kutta_sim/kutta_sim.egg-info/dependency_links.txt\n'}
[1.128748] (kutta_sim) StdoutLine: {'line': b'writing entry points to ../../build/kutta_sim/kutta_sim.egg-info/entry_points.txt\n'}
[1.128843] (kutta_sim) StdoutLine: {'line': b'writing requirements to ../../build/kutta_sim/kutta_sim.egg-info/requires.txt\n'}
[1.128929] (kutta_sim) StdoutLine: {'line': b'writing top-level names to ../../build/kutta_sim/kutta_sim.egg-info/top_level.txt\n'}
[1.130249] (kutta_sim) StdoutLine: {'line': b"reading manifest file '../../build/kutta_sim/kutta_sim.egg-info/SOURCES.txt'\n"}
[1.130811] (kutta_sim) StdoutLine: {'line': b"writing manifest file '../../build/kutta_sim/kutta_sim.egg-info/SOURCES.txt'\n"}
[1.130916] (kutta_sim) StdoutLine: {'line': b'running build\n'}
[1.130983] (kutta_sim) StdoutLine: {'line': b'running build_py\n'}
[1.131219] (kutta_sim) StdoutLine: {'line': b'running install\n'}
[1.131438] (kutta_sim) StdoutLine: {'line': b'running install_lib\n'}
[1.132528] (kutta_sim) StdoutLine: {'line': b'running install_data\n'}
[1.132646] (kutta_sim) StdoutLine: {'line': b'running install_egg_info\n'}
[1.134631] (kutta_sim) StdoutLine: {'line': b"removing '/home/cuckylinux/ros2_ws/install/kutta_sim/lib/python3.10/site-packages/kutta_sim-0.1.0-py3.10.egg-info' (and everything under it)\n"}
[1.134877] (kutta_sim) StdoutLine: {'line': b'Copying ../../build/kutta_sim/kutta_sim.egg-info to /home/cuckylinux/ros2_ws/install/kutta_sim/lib/python3.10/site-packages/kutta_sim-0.1.0-py3.10.egg-info\n'}
[1.135603] (kutta_sim) StdoutLine: {'line': b'running install_scripts\n'}
[1.142220] (kutta_rl_controller) StdoutLine: {'line': b'Installing rl_controller script to /home/cuckylinux/ros2_ws/install/kutta_rl_controller/lib/kutta_rl_controller\n'}
[1.142501] (kutta_rl_controller) StdoutLine: {'line': b"writing list of installed files to '/home/cuckylinux/ros2_ws/build/kutta_rl_controller/install.log'\n"}
[1.154150] (kutta_sim) StdoutLine: {'line': b'Installing kutta_sim script to /home/cuckylinux/ros2_ws/install/kutta_sim/lib/kutta_sim\n'}
[1.154445] (kutta_sim) StdoutLine: {'line': b"writing list of installed files to '/home/cuckylinux/ros2_ws/build/kutta_sim/install.log'\n"}
[1.164336] (kutta_rl_controller) CommandEnded: {'returncode': 0}
[1.174191] (kutta_rl_controller) JobEnded: {'identifier': 'kutta_rl_controller', 'rc': 0}
[1.175556] (kutta_sim) CommandEnded: {'returncode': 0}
[1.181093] (kutta_sim) JobEnded: {'identifier': 'kutta_sim', 'rc': 0}
[1.181706] (-) EventReactorShutdown: {}
