[0.119s] colcon DEBUG Command line arguments: ['/usr/bin/colcon', 'build', '--packages-select', 'kutta_sim']
[0.119s] colcon DEBUG Parsed command line arguments: Namespace(log_base=None, log_level=None, verb_name='build', build_base='build', install_base='install', merge_install=False, symlink_install=False, test_result_base=None, continue_on_error=False, executor='parallel', parallel_workers=16, event_handlers=None, ignore_user_meta=False, metas=['./colcon.meta'], base_paths=['.'], packages_ignore=None, packages_ignore_regex=None, paths=None, packages_up_to=None, packages_up_to_regex=None, packages_above=None, packages_above_and_dependencies=None, packages_above_depth=None, packages_select_by_dep=None, packages_skip_by_dep=None, packages_skip_up_to=None, packages_select_build_failed=False, packages_skip_build_finished=False, packages_select_test_failures=False, packages_skip_test_passed=False, packages_select=['kutta_sim'], packages_skip=None, packages_select_regex=None, packages_skip_regex=None, packages_start=None, packages_end=None, cmake_args=None, cmake_target=None, cmake_target_skip_unavailable=False, cmake_clean_cache=False, cmake_clean_first=False, cmake_force_configure=False, ament_cmake_args=None, catkin_cmake_args=None, catkin_skip_building_tests=False, mixin_files=None, mixin=None, verb_parser=<colcon_mixin.mixin.mixin_argument.MixinArgumentDecorator object at 0x7f3081a02890>, verb_extension=<colcon_core.verb.build.BuildVerb object at 0x7f30821df820>, main=<bound method BuildVerb.main of <colcon_core.verb.build.BuildVerb object at 0x7f30821df820>>, mixin_verb=('build',))
[0.283s] colcon.colcon_core.package_discovery Level 1 discover_packages(colcon_meta) check parameters
[0.283s] colcon.colcon_core.package_discovery Level 1 discover_packages(recursive) check parameters
[0.283s] colcon.colcon_core.package_discovery Level 1 discover_packages(ignore) check parameters
[0.283s] colcon.colcon_core.package_discovery Level 1 discover_packages(path) check parameters
[0.283s] colcon.colcon_core.package_discovery Level 1 discover_packages(colcon_meta) discover
[0.283s] colcon.colcon_core.package_discovery Level 1 discover_packages(recursive) discover
[0.283s] colcon.colcon_core.package_discovery INFO Crawling recursively for packages in '/home/cuckylinux/ros2_ws'
[0.283s] colcon.colcon_core.package_identification Level 1 _identify(.) by extensions ['ignore', 'ignore_ament_install']
[0.283s] colcon.colcon_core.package_identification Level 1 _identify(.) by extension 'ignore'
[0.283s] colcon.colcon_core.package_identification Level 1 _identify(.) by extension 'ignore_ament_install'
[0.283s] colcon.colcon_core.package_identification Level 1 _identify(.) by extensions ['colcon_pkg']
[0.283s] colcon.colcon_core.package_identification Level 1 _identify(.) by extension 'colcon_pkg'
[0.283s] colcon.colcon_core.package_identification Level 1 _identify(.) by extensions ['colcon_meta']
[0.283s] colcon.colcon_core.package_identification Level 1 _identify(.) by extension 'colcon_meta'
[0.283s] colcon.colcon_core.package_identification Level 1 _identify(.) by extensions ['ros']
[0.283s] colcon.colcon_core.package_identification Level 1 _identify(.) by extension 'ros'
[0.292s] colcon.colcon_core.package_identification Level 1 _identify(.) by extensions ['cmake', 'python']
[0.292s] colcon.colcon_core.package_identification Level 1 _identify(.) by extension 'cmake'
[0.292s] colcon.colcon_core.package_identification Level 1 _identify(.) by extension 'python'
[0.292s] colcon.colcon_core.package_identification Level 1 _identify(.) by extensions ['python_setup_py']
[0.292s] colcon.colcon_core.package_identification Level 1 _identify(.) by extension 'python_setup_py'
[0.293s] colcon.colcon_core.package_identification Level 1 _identify(assets) by extensions ['ignore', 'ignore_ament_install']
[0.293s] colcon.colcon_core.package_identification Level 1 _identify(assets) by extension 'ignore'
[0.293s] colcon.colcon_core.package_identification Level 1 _identify(assets) by extension 'ignore_ament_install'
[0.293s] colcon.colcon_core.package_identification Level 1 _identify(assets) by extensions ['colcon_pkg']
[0.293s] colcon.colcon_core.package_identification Level 1 _identify(assets) by extension 'colcon_pkg'
[0.293s] colcon.colcon_core.package_identification Level 1 _identify(assets) by extensions ['colcon_meta']
[0.293s] colcon.colcon_core.package_identification Level 1 _identify(assets) by extension 'colcon_meta'
[0.293s] colcon.colcon_core.package_identification Level 1 _identify(assets) by extensions ['ros']
[0.293s] colcon.colcon_core.package_identification Level 1 _identify(assets) by extension 'ros'
[0.293s] colcon.colcon_core.package_identification Level 1 _identify(assets) by extensions ['cmake', 'python']
[0.293s] colcon.colcon_core.package_identification Level 1 _identify(assets) by extension 'cmake'
[0.293s] colcon.colcon_core.package_identification Level 1 _identify(assets) by extension 'python'
[0.293s] colcon.colcon_core.package_identification Level 1 _identify(assets) by extensions ['python_setup_py']
[0.293s] colcon.colcon_core.package_identification Level 1 _identify(assets) by extension 'python_setup_py'
[0.293s] colcon.colcon_core.package_identification Level 1 _identify(build) by extensions ['ignore', 'ignore_ament_install']
[0.293s] colcon.colcon_core.package_identification Level 1 _identify(build) by extension 'ignore'
[0.293s] colcon.colcon_core.package_identification Level 1 _identify(build) ignored
[0.293s] colcon.colcon_core.package_identification Level 1 _identify(install) by extensions ['ignore', 'ignore_ament_install']
[0.293s] colcon.colcon_core.package_identification Level 1 _identify(install) by extension 'ignore'
[0.294s] colcon.colcon_core.package_identification Level 1 _identify(install) ignored
[0.294s] colcon.colcon_core.package_identification Level 1 _identify(log) by extensions ['ignore', 'ignore_ament_install']
[0.294s] colcon.colcon_core.package_identification Level 1 _identify(log) by extension 'ignore'
[0.294s] colcon.colcon_core.package_identification Level 1 _identify(log) ignored
[0.294s] colcon.colcon_core.package_identification Level 1 _identify(src) by extensions ['ignore', 'ignore_ament_install']
[0.294s] colcon.colcon_core.package_identification Level 1 _identify(src) by extension 'ignore'
[0.294s] colcon.colcon_core.package_identification Level 1 _identify(src) by extension 'ignore_ament_install'
[0.294s] colcon.colcon_core.package_identification Level 1 _identify(src) by extensions ['colcon_pkg']
[0.294s] colcon.colcon_core.package_identification Level 1 _identify(src) by extension 'colcon_pkg'
[0.294s] colcon.colcon_core.package_identification Level 1 _identify(src) by extensions ['colcon_meta']
[0.294s] colcon.colcon_core.package_identification Level 1 _identify(src) by extension 'colcon_meta'
[0.294s] colcon.colcon_core.package_identification Level 1 _identify(src) by extensions ['ros']
[0.294s] colcon.colcon_core.package_identification Level 1 _identify(src) by extension 'ros'
[0.294s] colcon.colcon_core.package_identification Level 1 _identify(src) by extensions ['cmake', 'python']
[0.294s] colcon.colcon_core.package_identification Level 1 _identify(src) by extension 'cmake'
[0.294s] colcon.colcon_core.package_identification Level 1 _identify(src) by extension 'python'
[0.294s] colcon.colcon_core.package_identification Level 1 _identify(src) by extensions ['python_setup_py']
[0.294s] colcon.colcon_core.package_identification Level 1 _identify(src) by extension 'python_setup_py'
[0.294s] colcon.colcon_core.package_identification Level 1 _identify(src/kutta_rl_controller) by extensions ['ignore', 'ignore_ament_install']
[0.295s] colcon.colcon_core.package_identification Level 1 _identify(src/kutta_rl_controller) by extension 'ignore'
[0.295s] colcon.colcon_core.package_identification Level 1 _identify(src/kutta_rl_controller) by extension 'ignore_ament_install'
[0.295s] colcon.colcon_core.package_identification Level 1 _identify(src/kutta_rl_controller) by extensions ['colcon_pkg']
[0.295s] colcon.colcon_core.package_identification Level 1 _identify(src/kutta_rl_controller) by extension 'colcon_pkg'
[0.295s] colcon.colcon_core.package_identification Level 1 _identify(src/kutta_rl_controller) by extensions ['colcon_meta']
[0.295s] colcon.colcon_core.package_identification Level 1 _identify(src/kutta_rl_controller) by extension 'colcon_meta'
[0.295s] colcon.colcon_core.package_identification Level 1 _identify(src/kutta_rl_controller) by extensions ['ros']
[0.295s] colcon.colcon_core.package_identification Level 1 _identify(src/kutta_rl_controller) by extension 'ros'
[0.297s] colcon.colcon_core.package_identification DEBUG Package 'src/kutta_rl_controller' with type 'ros.ament_python' and name 'kutta_rl_controller'
[0.297s] colcon.colcon_core.package_identification Level 1 _identify(src/kutta_sim) by extensions ['ignore', 'ignore_ament_install']
[0.297s] colcon.colcon_core.package_identification Level 1 _identify(src/kutta_sim) by extension 'ignore'
[0.297s] colcon.colcon_core.package_identification Level 1 _identify(src/kutta_sim) by extension 'ignore_ament_install'
[0.297s] colcon.colcon_core.package_identification Level 1 _identify(src/kutta_sim) by extensions ['colcon_pkg']
[0.298s] colcon.colcon_core.package_identification Level 1 _identify(src/kutta_sim) by extension 'colcon_pkg'
[0.298s] colcon.colcon_core.package_identification Level 1 _identify(src/kutta_sim) by extensions ['colcon_meta']
[0.298s] colcon.colcon_core.package_identification Level 1 _identify(src/kutta_sim) by extension 'colcon_meta'
[0.298s] colcon.colcon_core.package_identification Level 1 _identify(src/kutta_sim) by extensions ['ros']
[0.298s] colcon.colcon_core.package_identification Level 1 _identify(src/kutta_sim) by extension 'ros'
[0.298s] colcon.colcon_core.package_identification DEBUG Package 'src/kutta_sim' with type 'ros.ament_python' and name 'kutta_sim'
[0.298s] colcon.colcon_core.package_discovery Level 1 discover_packages(recursive) using defaults
[0.299s] colcon.colcon_core.package_discovery Level 1 discover_packages(ignore) discover
[0.299s] colcon.colcon_core.package_discovery Level 1 discover_packages(ignore) using defaults
[0.299s] colcon.colcon_core.package_discovery Level 1 discover_packages(path) discover
[0.299s] colcon.colcon_core.package_discovery Level 1 discover_packages(path) using defaults
[0.313s] colcon.colcon_core.package_selection INFO Skipping not selected package 'kutta_rl_controller' in 'src/kutta_rl_controller'
[0.313s] colcon.colcon_core.verb Level 5 set package 'kutta_sim' build argument 'cmake_args' from command line to 'None'
[0.313s] colcon.colcon_core.verb Level 5 set package 'kutta_sim' build argument 'cmake_target' from command line to 'None'
[0.313s] colcon.colcon_core.verb Level 5 set package 'kutta_sim' build argument 'cmake_target_skip_unavailable' from command line to 'False'
[0.313s] colcon.colcon_core.verb Level 5 set package 'kutta_sim' build argument 'cmake_clean_cache' from command line to 'False'
[0.314s] colcon.colcon_core.verb Level 5 set package 'kutta_sim' build argument 'cmake_clean_first' from command line to 'False'
[0.314s] colcon.colcon_core.verb Level 5 set package 'kutta_sim' build argument 'cmake_force_configure' from command line to 'False'
[0.314s] colcon.colcon_core.verb Level 5 set package 'kutta_sim' build argument 'ament_cmake_args' from command line to 'None'
[0.314s] colcon.colcon_core.verb Level 5 set package 'kutta_sim' build argument 'catkin_cmake_args' from command line to 'None'
[0.314s] colcon.colcon_core.verb Level 5 set package 'kutta_sim' build argument 'catkin_skip_building_tests' from command line to 'False'
[0.314s] colcon.colcon_core.verb DEBUG Building package 'kutta_sim' with the following arguments: {'ament_cmake_args': None, 'build_base': '/home/cuckylinux/ros2_ws/build/kutta_sim', 'catkin_cmake_args': None, 'catkin_skip_building_tests': False, 'cmake_args': None, 'cmake_clean_cache': False, 'cmake_clean_first': False, 'cmake_force_configure': False, 'cmake_target': None, 'cmake_target_skip_unavailable': False, 'install_base': '/home/cuckylinux/ros2_ws/install/kutta_sim', 'merge_install': False, 'path': '/home/cuckylinux/ros2_ws/src/kutta_sim', 'symlink_install': False, 'test_result_base': None}
[0.314s] colcon.colcon_core.executor INFO Executing jobs using 'parallel' executor
[0.315s] colcon.colcon_parallel_executor.executor.parallel DEBUG run_until_complete
[0.315s] colcon.colcon_ros.task.ament_python.build INFO Building ROS package in '/home/cuckylinux/ros2_ws/src/kutta_sim' with build type 'ament_python'
[0.315s] colcon.colcon_core.shell Level 1 create_environment_hook('kutta_sim', 'ament_prefix_path')
[0.317s] colcon.colcon_core.plugin_system INFO Skipping extension 'colcon_core.shell.bat': Not used on non-Windows systems
[0.318s] colcon.colcon_core.shell INFO Creating environment hook '/home/cuckylinux/ros2_ws/install/kutta_sim/share/kutta_sim/hook/ament_prefix_path.ps1'
[0.319s] colcon.colcon_core.shell INFO Creating environment descriptor '/home/cuckylinux/ros2_ws/install/kutta_sim/share/kutta_sim/hook/ament_prefix_path.dsv'
[0.319s] colcon.colcon_core.shell INFO Creating environment hook '/home/cuckylinux/ros2_ws/install/kutta_sim/share/kutta_sim/hook/ament_prefix_path.sh'
[0.320s] colcon.colcon_core.shell INFO Skip shell extension 'powershell' for command environment: Not usable outside of PowerShell
[0.320s] colcon.colcon_core.shell DEBUG Skip shell extension 'dsv' for command environment
[0.585s] colcon.colcon_core.task.python.build INFO Building Python package in '/home/cuckylinux/ros2_ws/src/kutta_sim'
[0.585s] colcon.colcon_core.shell INFO Skip shell extension 'powershell' for command environment: Not usable outside of PowerShell
[0.585s] colcon.colcon_core.shell DEBUG Skip shell extension 'dsv' for command environment
[0.911s] colcon.colcon_core.event_handler.log_command DEBUG Invoking command in '/home/cuckylinux/ros2_ws/src/kutta_sim': CONDA_PROMPT_MODIFIER=(base) DEBUGINFOD_URLS=https://debuginfod.archlinux.org PYTHONPATH=/home/cuckylinux/ros2_ws/build/kutta_sim/prefix_override:/usr/lib/python3/dist-packages/colcon_core/task/python/colcon_distutils_commands:/home/cuckylinux/ros2_ws/install/kutta_sim/lib/python3.10/site-packages:${PYTHONPATH} /usr/bin/python3 -W ignore:setup.py install is deprecated -W ignore:easy_install command is deprecated setup.py egg_info --egg-base ../../build/kutta_sim build --build-base /home/cuckylinux/ros2_ws/build/kutta_sim/build install --record /home/cuckylinux/ros2_ws/build/kutta_sim/install.log --single-version-externally-managed install_data
[1.189s] colcon.colcon_core.event_handler.log_command DEBUG Invoked command in '/home/cuckylinux/ros2_ws/src/kutta_sim' returned '0': CONDA_PROMPT_MODIFIER=(base) DEBUGINFOD_URLS=https://debuginfod.archlinux.org PYTHONPATH=/home/cuckylinux/ros2_ws/build/kutta_sim/prefix_override:/usr/lib/python3/dist-packages/colcon_core/task/python/colcon_distutils_commands:/home/cuckylinux/ros2_ws/install/kutta_sim/lib/python3.10/site-packages:${PYTHONPATH} /usr/bin/python3 -W ignore:setup.py install is deprecated -W ignore:easy_install command is deprecated setup.py egg_info --egg-base ../../build/kutta_sim build --build-base /home/cuckylinux/ros2_ws/build/kutta_sim/build install --record /home/cuckylinux/ros2_ws/build/kutta_sim/install.log --single-version-externally-managed install_data
[1.191s] colcon.colcon_core.environment Level 1 checking '/home/cuckylinux/ros2_ws/install/kutta_sim' for CMake module files
[1.192s] colcon.colcon_core.environment Level 1 checking '/home/cuckylinux/ros2_ws/install/kutta_sim' for CMake config files
[1.192s] colcon.colcon_core.environment Level 1 checking '/home/cuckylinux/ros2_ws/install/kutta_sim/lib'
[1.193s] colcon.colcon_core.environment Level 1 checking '/home/cuckylinux/ros2_ws/install/kutta_sim/bin'
[1.193s] colcon.colcon_core.environment Level 1 checking '/home/cuckylinux/ros2_ws/install/kutta_sim/lib/pkgconfig/kutta_sim.pc'
[1.193s] colcon.colcon_core.environment Level 1 checking '/home/cuckylinux/ros2_ws/install/kutta_sim/lib/python3.10/site-packages'
[1.193s] colcon.colcon_core.shell Level 1 create_environment_hook('kutta_sim', 'pythonpath')
[1.193s] colcon.colcon_core.shell INFO Creating environment hook '/home/cuckylinux/ros2_ws/install/kutta_sim/share/kutta_sim/hook/pythonpath.ps1'
[1.194s] colcon.colcon_core.shell INFO Creating environment descriptor '/home/cuckylinux/ros2_ws/install/kutta_sim/share/kutta_sim/hook/pythonpath.dsv'
[1.194s] colcon.colcon_core.shell INFO Creating environment hook '/home/cuckylinux/ros2_ws/install/kutta_sim/share/kutta_sim/hook/pythonpath.sh'
[1.195s] colcon.colcon_core.environment Level 1 checking '/home/cuckylinux/ros2_ws/install/kutta_sim/bin'
[1.195s] colcon.colcon_core.environment Level 1 create_environment_scripts_only(kutta_sim)
[1.195s] colcon.colcon_core.shell INFO Creating package script '/home/cuckylinux/ros2_ws/install/kutta_sim/share/kutta_sim/package.ps1'
[1.196s] colcon.colcon_core.shell INFO Creating package descriptor '/home/cuckylinux/ros2_ws/install/kutta_sim/share/kutta_sim/package.dsv'
[1.196s] colcon.colcon_core.shell INFO Creating package script '/home/cuckylinux/ros2_ws/install/kutta_sim/share/kutta_sim/package.sh'
[1.197s] colcon.colcon_core.shell INFO Creating package script '/home/cuckylinux/ros2_ws/install/kutta_sim/share/kutta_sim/package.bash'
[1.198s] colcon.colcon_core.shell INFO Creating package script '/home/cuckylinux/ros2_ws/install/kutta_sim/share/kutta_sim/package.zsh'
[1.198s] colcon.colcon_core.environment Level 1 create_file_with_runtime_dependencies(/home/cuckylinux/ros2_ws/install/kutta_sim/share/colcon-core/packages/kutta_sim)
[1.199s] colcon.colcon_parallel_executor.executor.parallel DEBUG closing loop
[1.199s] colcon.colcon_parallel_executor.executor.parallel DEBUG loop closed
[1.199s] colcon.colcon_parallel_executor.executor.parallel DEBUG run_until_complete finished with '0'
[1.199s] colcon.colcon_core.event_reactor DEBUG joining thread
[1.206s] colcon.colcon_core.plugin_system INFO Skipping extension 'colcon_notification.desktop_notification.notify_send': Could not find 'notify-send'
[1.206s] colcon.colcon_core.plugin_system INFO Skipping extension 'colcon_notification.desktop_notification.terminal_notifier': Not used on non-Darwin systems
[1.206s] colcon.colcon_core.plugin_system INFO Skipping extension 'colcon_notification.desktop_notification.win32': Not used on non-Windows systems
[1.206s] colcon.colcon_notification.desktop_notification INFO Sending desktop notification using 'notify2'
[1.221s] colcon.colcon_core.event_reactor DEBUG joined thread
[1.221s] colcon.colcon_core.shell INFO Creating prefix script '/home/cuckylinux/ros2_ws/install/local_setup.ps1'
[1.222s] colcon.colcon_core.shell INFO Creating prefix util module '/home/cuckylinux/ros2_ws/install/_local_setup_util_ps1.py'
[1.223s] colcon.colcon_core.shell INFO Creating prefix chain script '/home/cuckylinux/ros2_ws/install/setup.ps1'
[1.225s] colcon.colcon_core.shell INFO Creating prefix script '/home/cuckylinux/ros2_ws/install/local_setup.sh'
[1.225s] colcon.colcon_core.shell INFO Creating prefix util module '/home/cuckylinux/ros2_ws/install/_local_setup_util_sh.py'
[1.226s] colcon.colcon_core.shell INFO Creating prefix chain script '/home/cuckylinux/ros2_ws/install/setup.sh'
[1.226s] colcon.colcon_core.shell INFO Creating prefix script '/home/cuckylinux/ros2_ws/install/local_setup.bash'
[1.227s] colcon.colcon_core.shell INFO Creating prefix chain script '/home/cuckylinux/ros2_ws/install/setup.bash'
[1.228s] colcon.colcon_core.shell INFO Creating prefix script '/home/cuckylinux/ros2_ws/install/local_setup.zsh'
[1.228s] colcon.colcon_core.shell INFO Creating prefix chain script '/home/cuckylinux/ros2_ws/install/setup.zsh'
