running egg_info
creating ../../build/kutta_sim/kutta_sim.egg-info
writing ../../build/kutta_sim/kutta_sim.egg-info/PKG-INFO
writing dependency_links to ../../build/kutta_sim/kutta_sim.egg-info/dependency_links.txt
writing entry points to ../../build/kutta_sim/kutta_sim.egg-info/entry_points.txt
writing requirements to ../../build/kutta_sim/kutta_sim.egg-info/requires.txt
writing top-level names to ../../build/kutta_sim/kutta_sim.egg-info/top_level.txt
writing manifest file '../../build/kutta_sim/kutta_sim.egg-info/SOURCES.txt'
reading manifest file '../../build/kutta_sim/kutta_sim.egg-info/SOURCES.txt'
writing manifest file '../../build/kutta_sim/kutta_sim.egg-info/SOURCES.txt'
running build
running build_py
creating /home/cuckylinux/ros2_ws/build/kutta_sim/build
creating /home/cuckylinux/ros2_ws/build/kutta_sim/build/lib
creating /home/cuckylinux/ros2_ws/build/kutta_sim/build/lib/kutta_sim
copying kutta_sim/sim_node.py -> /home/cuckylinux/ros2_ws/build/kutta_sim/build/lib/kutta_sim
copying kutta_sim/__init__.py -> /home/cuckylinux/ros2_ws/build/kutta_sim/build/lib/kutta_sim
running install
running install_lib
creating /home/cuckylinux/ros2_ws/install/kutta_sim/lib/python3.10/site-packages/kutta_sim
copying /home/cuckylinux/ros2_ws/build/kutta_sim/build/lib/kutta_sim/sim_node.py -> /home/cuckylinux/ros2_ws/install/kutta_sim/lib/python3.10/site-packages/kutta_sim
copying /home/cuckylinux/ros2_ws/build/kutta_sim/build/lib/kutta_sim/__init__.py -> /home/cuckylinux/ros2_ws/install/kutta_sim/lib/python3.10/site-packages/kutta_sim
byte-compiling /home/cuckylinux/ros2_ws/install/kutta_sim/lib/python3.10/site-packages/kutta_sim/sim_node.py to sim_node.cpython-310.pyc
byte-compiling /home/cuckylinux/ros2_ws/install/kutta_sim/lib/python3.10/site-packages/kutta_sim/__init__.py to __init__.cpython-310.pyc
running install_data
creating /home/cuckylinux/ros2_ws/install/kutta_sim/share/ament_index
creating /home/cuckylinux/ros2_ws/install/kutta_sim/share/ament_index/resource_index
creating /home/cuckylinux/ros2_ws/install/kutta_sim/share/ament_index/resource_index/packages
copying resource/kutta_sim -> /home/cuckylinux/ros2_ws/install/kutta_sim/share/ament_index/resource_index/packages
copying package.xml -> /home/cuckylinux/ros2_ws/install/kutta_sim/share/kutta_sim
creating /home/cuckylinux/ros2_ws/install/kutta_sim/share/kutta_sim/launch
copying launch/sim.launch.py -> /home/cuckylinux/ros2_ws/install/kutta_sim/share/kutta_sim/launch
running install_egg_info
Copying ../../build/kutta_sim/kutta_sim.egg-info to /home/cuckylinux/ros2_ws/install/kutta_sim/lib/python3.10/site-packages/kutta_sim-0.1.0-py3.10.egg-info
running install_scripts
Installing kutta_sim script to /home/cuckylinux/ros2_ws/install/kutta_sim/lib/kutta_sim
writing list of installed files to '/home/cuckylinux/ros2_ws/build/kutta_sim/install.log'
