[0.637s] Invoking command in '/home/cuckylinux/ros2_ws/src/kutta_sim': CONDA_PROMPT_MODIFIER=(base) DEBUGINFOD_URLS=https://debuginfod.archlinux.org PYTHONPATH=/home/cuckylinux/ros2_ws/build/kutta_sim/prefix_override:/usr/lib/python3/dist-packages/colcon_core/task/python/colcon_distutils_commands:/home/cuckylinux/ros2_ws/install/kutta_sim/lib/python3.10/site-packages:${PYTHONPATH} /usr/bin/python3 -W ignore:setup.py install is deprecated -W ignore:easy_install command is deprecated setup.py egg_info --egg-base ../../build/kutta_sim build --build-base /home/cuckylinux/ros2_ws/build/kutta_sim/build install --record /home/cuckylinux/ros2_ws/build/kutta_sim/install.log --single-version-externally-managed install_data
[0.889s] running egg_info
[0.890s] writing ../../build/kutta_sim/kutta_sim.egg-info/PKG-INFO
[0.890s] writing dependency_links to ../../build/kutta_sim/kutta_sim.egg-info/dependency_links.txt
[0.890s] writing entry points to ../../build/kutta_sim/kutta_sim.egg-info/entry_points.txt
[0.890s] writing requirements to ../../build/kutta_sim/kutta_sim.egg-info/requires.txt
[0.890s] writing top-level names to ../../build/kutta_sim/kutta_sim.egg-info/top_level.txt
[0.892s] reading manifest file '../../build/kutta_sim/kutta_sim.egg-info/SOURCES.txt'
[0.893s] writing manifest file '../../build/kutta_sim/kutta_sim.egg-info/SOURCES.txt'
[0.893s] running build
[0.893s] running build_py
[0.893s] copying kutta_sim/sim_node.py -> /home/cuckylinux/ros2_ws/build/kutta_sim/build/lib/kutta_sim
[0.893s] running install
[0.893s] running install_lib
[0.894s] copying /home/cuckylinux/ros2_ws/build/kutta_sim/build/lib/kutta_sim/sim_node.py -> /home/cuckylinux/ros2_ws/install/kutta_sim/lib/python3.10/site-packages/kutta_sim
[0.895s] byte-compiling /home/cuckylinux/ros2_ws/install/kutta_sim/lib/python3.10/site-packages/kutta_sim/sim_node.py to sim_node.cpython-310.pyc
[0.896s] running install_data
[0.896s] running install_egg_info
[0.898s] removing '/home/cuckylinux/ros2_ws/install/kutta_sim/lib/python3.10/site-packages/kutta_sim-0.1.0-py3.10.egg-info' (and everything under it)
[0.898s] Copying ../../build/kutta_sim/kutta_sim.egg-info to /home/cuckylinux/ros2_ws/install/kutta_sim/lib/python3.10/site-packages/kutta_sim-0.1.0-py3.10.egg-info
[0.899s] running install_scripts
[0.917s] Installing kutta_sim script to /home/cuckylinux/ros2_ws/install/kutta_sim/lib/kutta_sim
[0.918s] writing list of installed files to '/home/cuckylinux/ros2_ws/build/kutta_sim/install.log'
[0.938s] Invoked command in '/home/cuckylinux/ros2_ws/src/kutta_sim' returned '0': CONDA_PROMPT_MODIFIER=(base) DEBUGINFOD_URLS=https://debuginfod.archlinux.org PYTHONPATH=/home/cuckylinux/ros2_ws/build/kutta_sim/prefix_override:/usr/lib/python3/dist-packages/colcon_core/task/python/colcon_distutils_commands:/home/cuckylinux/ros2_ws/install/kutta_sim/lib/python3.10/site-packages:${PYTHONPATH} /usr/bin/python3 -W ignore:setup.py install is deprecated -W ignore:easy_install command is deprecated setup.py egg_info --egg-base ../../build/kutta_sim build --build-base /home/cuckylinux/ros2_ws/build/kutta_sim/build install --record /home/cuckylinux/ros2_ws/build/kutta_sim/install.log --single-version-externally-managed install_data
